2025-06-02 17:57:01,937 [INFO] Activator:176 - 


2025-06-02 17:57:01,941 [INFO] Activator:177 - !SESSION log4j initialized
2025-06-02 17:57:03,304 [INFO] LogOutputStream:77 - [STDOUT_REDIRECT] 
2025-06-02 17:57:05,229 [ERROR] LogOutputStream:75 - [STDERR_REDIRECT] 
2025-06-02 17:57:06,961 [INFO] LogOutputStream:77 - [STDOUT_REDIRECT] 
2025-06-02 17:57:07,532 [INFO] ApplicationProperties:184 - Using Application install path: /Applications/STM32CubeIDE.app/Contents/Eclipse/plugins/com.st.stm32cube.common.mx_6.14.1.202504091515
2025-06-02 17:57:07,544 [INFO] DbMcusXml:78 - Set database path to: /Applications/STM32CubeIDE.app/Contents/Eclipse/plugins/com.st.stm32cube.common.mx_6.14.1.202504091515//db//mcu/
2025-06-02 17:57:07,544 [INFO] ApiDb:274 - Set plugin database path to: /Applications/STM32CubeIDE.app/Contents/Eclipse/plugins/com.st.stm32cube.common.mx_6.14.1.202504091515//db//plugins/boardmanager/
2025-06-02 17:57:07,546 [WARN] ApiDb:259 - Overriding images path with different value:  => /Applications/STM32CubeIDE.app/Contents/Eclipse/plugins/com.st.stm32cube.common.mx_6.14.1.202504091515//db//plugins/mcufinder/images/
2025-06-02 17:57:07,550 [INFO] ApiDb:250 - Set database path to: /Users/gudise/.stmcufinder/plugins/mcufinder//mcu/
2025-06-02 17:57:07,551 [INFO] DbMcusAds:125 - Set database path to: /Users/gudise/.stmcufinder/plugins/mcufinder//mcu/
2025-06-02 17:57:07,552 [INFO] CrossReferenceDbSqlite:203 - Set database path to: /Users/gudise/.stmcufinder/plugins/mcufinder//mcu/cs/
2025-06-02 17:57:07,660 [INFO] RulesReader:64 - Compatibility file has been processed (302 Rules)
2025-06-02 17:57:07,718 [INFO] DbMcusXml:78 - Set database path to: /Applications/STM32CubeIDE.app/Contents/Eclipse/plugins/com.st.stm32cube.common.mx_6.14.1.202504091515//db//mcu/
2025-06-02 17:57:07,719 [INFO] ApiDb:274 - Set plugin database path to: /Applications/STM32CubeIDE.app/Contents/Eclipse/plugins/com.st.stm32cube.common.mx_6.14.1.202504091515//db//plugins/boardmanager/
2025-06-02 17:57:07,719 [INFO] ApiDb:261 - Set plugin images path to: /Applications/STM32CubeIDE.app/Contents/Eclipse/plugins/com.st.stm32cube.common.mx_6.14.1.202504091515//db//plugins/mcufinder/images/
2025-06-02 17:57:07,719 [WARN] DbFile:41 - Overriding database path with different value: /Users/gudise/.stmcufinder/plugins/mcufinder/ => /Users/gudise/.stmcufinder/plugins/mcufinder
2025-06-02 17:57:07,719 [INFO] ApiDb:250 - Set database path to: /Users/gudise/.stmcufinder/plugins/mcufinder//mcu/
2025-06-02 17:57:07,720 [WARN] DbFile:41 - Overriding database path with different value: /Users/gudise/.stmcufinder/plugins/mcufinder/ => /Users/gudise/.stmcufinder/plugins/mcufinder
2025-06-02 17:57:07,720 [INFO] DbMcusAds:125 - Set database path to: /Users/gudise/.stmcufinder/plugins/mcufinder//mcu/
2025-06-02 17:57:07,720 [WARN] DbFile:41 - Overriding database path with different value: /Users/gudise/.stmcufinder/plugins/mcufinder/ => /Users/gudise/.stmcufinder/plugins/mcufinder
2025-06-02 17:57:07,720 [WARN] DbFile:41 - Overriding database path with different value: /Users/gudise/.stmcufinder/plugins/mcufinder/ => /Users/gudise/.stmcufinder/plugins/mcufinder
2025-06-02 17:57:07,720 [INFO] CrossReferenceDbSqlite:203 - Set database path to: /Users/gudise/.stmcufinder/plugins/mcufinder//mcu/cs/
2025-06-02 17:57:07,783 [INFO] MainPanel:272 - HeapMemory: 268435456
2025-06-02 17:57:08,275 [INFO] DbMcusXml:78 - Set database path to: /Applications/STM32CubeIDE.app/Contents/Eclipse/plugins/com.st.stm32cube.common.mx_6.14.1.202504091515//db//mcu/
2025-06-02 17:57:08,278 [INFO] ApiDb:274 - Set plugin database path to: /Applications/STM32CubeIDE.app/Contents/Eclipse/plugins/com.st.stm32cube.common.mx_6.14.1.202504091515//db//plugins/boardmanager/
2025-06-02 17:57:08,281 [INFO] ApiDb:261 - Set plugin images path to: /Applications/STM32CubeIDE.app/Contents/Eclipse/plugins/com.st.stm32cube.common.mx_6.14.1.202504091515//db//plugins/mcufinder/images/
2025-06-02 17:57:08,282 [WARN] DbFile:41 - Overriding database path with different value: /Users/gudise/.stmcufinder/plugins/mcufinder/ => /Users/gudise/.stmcufinder/plugins/mcufinder
2025-06-02 17:57:08,282 [INFO] ApiDb:250 - Set database path to: /Users/gudise/.stmcufinder/plugins/mcufinder//mcu/
2025-06-02 17:57:08,282 [WARN] DbFile:41 - Overriding database path with different value: /Users/gudise/.stmcufinder/plugins/mcufinder/ => /Users/gudise/.stmcufinder/plugins/mcufinder
2025-06-02 17:57:08,282 [INFO] DbMcusAds:125 - Set database path to: /Users/gudise/.stmcufinder/plugins/mcufinder//mcu/
2025-06-02 17:57:08,282 [WARN] DbFile:41 - Overriding database path with different value: /Users/gudise/.stmcufinder/plugins/mcufinder/ => /Users/gudise/.stmcufinder/plugins/mcufinder
2025-06-02 17:57:08,282 [WARN] DbFile:41 - Overriding database path with different value: /Users/gudise/.stmcufinder/plugins/mcufinder/ => /Users/gudise/.stmcufinder/plugins/mcufinder
2025-06-02 17:57:08,282 [INFO] CrossReferenceDbSqlite:203 - Set database path to: /Users/gudise/.stmcufinder/plugins/mcufinder//mcu/cs/
2025-06-02 17:57:08,317 [INFO] ApplicationProperties:184 - Using Application install path: /Applications/STM32CubeIDE.app/Contents/Eclipse/plugins/com.st.stm32cube.common.mx_6.14.1.202504091515
2025-06-02 17:57:08,319 [INFO] PluginManage:196 - Search for loadable plugins [exclusion list=, ]
2025-06-02 17:57:08,322 [INFO] PluginManage:310 - Check plugin analytics
2025-06-02 17:57:08,503 [INFO] AnalyticsPlugin:253 - Accepted Software Licenses: 
2025-06-02 17:57:08,504 [INFO] AnalyticsPlugin:255 - Accepted CMSIS Pack Licenses: 
2025-06-02 17:57:08,504 [INFO] AnalyticsPlugin:257 - Accepted Firmware Licenses: 
2025-06-02 17:57:08,515 [INFO] PluginManage:359 - Loaded plugin analytics (category:tool,tabindex:-1)
2025-06-02 17:57:08,518 [INFO] PluginManage:310 - Check plugin cadmodel
2025-06-02 17:57:08,539 [INFO] CADModel:105 - Init CAD model plugin
2025-06-02 17:57:08,539 [INFO] PluginManage:359 - Loaded plugin cadmodel (category:power,tabindex:5)
2025-06-02 17:57:08,540 [INFO] PluginManage:310 - Check plugin clock
2025-06-02 17:57:08,547 [INFO] PluginManage:359 - Loaded plugin clock (category:base,tabindex:2)
2025-06-02 17:57:08,547 [INFO] PluginManage:310 - Check plugin ddr
2025-06-02 17:57:08,548 [INFO] PluginManage:359 - Loaded plugin ddr (category:tool,tabindex:6)
2025-06-02 17:57:08,548 [INFO] PluginManage:310 - Check plugin filemanager
2025-06-02 17:57:08,677 [INFO] PluginManage:359 - Loaded plugin filemanager (category:base,tabindex:10)
2025-06-02 17:57:08,677 [INFO] PluginManage:310 - Check plugin ipmanager
2025-06-02 17:57:08,683 [INFO] PluginManage:359 - Loaded plugin ipmanager (category:base,tabindex:5)
2025-06-02 17:57:08,683 [INFO] PluginManage:310 - Check plugin lpbam
2025-06-02 17:57:08,690 [INFO] PluginManage:359 - Loaded plugin lpbam (category:base,tabindex:0)
2025-06-02 17:57:08,690 [INFO] PluginManage:310 - Check plugin memorymap
2025-06-02 17:57:08,697 [INFO] PluginManage:359 - Loaded plugin memorymap (category:base,tabindex:4)
2025-06-02 17:57:08,697 [INFO] PluginManage:310 - Check plugin pinoutandconfiguration
2025-06-02 17:57:08,702 [INFO] PluginManage:359 - Loaded plugin pinoutandconfiguration (category:base,tabindex:1)
2025-06-02 17:57:08,702 [INFO] PluginManage:310 - Check plugin pinoutconfig
2025-06-02 17:57:08,763 [WARN] SupportedApi:132 - Cannot load RTOS API schema: s4s-elt-must-match.1: The content of 'definitions' must match (annotation?, (simpleType | complexType)?, (unique | key | keyref)*)). A problem was found starting at: attribute.
2025-06-02 17:57:08,887 [INFO] PluginManage:359 - Loaded plugin pinoutconfig (category:base,tabindex:0)
2025-06-02 17:57:08,888 [INFO] PluginManage:310 - Check plugin power
2025-06-02 17:57:08,896 [INFO] PluginManage:359 - Loaded plugin power (category:power,tabindex:4)
2025-06-02 17:57:08,897 [INFO] PluginManage:310 - Check plugin projectmanager
2025-06-02 17:57:08,926 [INFO] PluginManage:359 - Loaded plugin projectmanager (category:projectmanager,tabindex:4)
2025-06-02 17:57:08,927 [INFO] PluginManage:310 - Check plugin rif
2025-06-02 17:57:08,933 [INFO] PluginManage:359 - Loaded plugin rif (category:base,tabindex:3)
2025-06-02 17:57:08,933 [INFO] PluginManage:310 - Check plugin thirdparty
2025-06-02 17:57:09,077 [INFO] PluginManage:359 - Loaded plugin thirdparty (category:base,tabindex:-1)
2025-06-02 17:57:09,077 [WARN] IntegrityCheckThread:84 - waiting for thirdparty lock release [integrity check]
2025-06-02 17:57:09,078 [INFO] PluginManage:310 - Check plugin tools
2025-06-02 17:57:09,078 [INFO] IntegrityCheckThread:86 - entering critical section [integrity check]
2025-06-02 17:57:09,078 [INFO] ThirdPartyUpdaterWithRetryManager:70 - Updater plugin not ready yet. [1/15]
2025-06-02 17:57:09,081 [INFO] PluginManage:359 - Loaded plugin tools (category:base,tabindex:7)
2025-06-02 17:57:09,081 [INFO] PluginManage:310 - Check plugin tutovideos
2025-06-02 17:57:09,198 [INFO] PluginManage:359 - Loaded plugin tutovideos (category:base,tabindex:-1)
2025-06-02 17:57:09,198 [INFO] PluginManage:310 - Check plugin updater
2025-06-02 17:57:09,219 [INFO] PluginManage:359 - Loaded plugin updater (category:base,tabindex:12)
2025-06-02 17:57:09,219 [INFO] PluginManage:310 - Check plugin userauth
2025-06-02 17:57:09,223 [INFO] UserAuth:118 - Init User Auth plugin
2025-06-02 17:57:09,223 [INFO] PluginManage:359 - Loaded plugin userauth (category:base,tabindex:14)
2025-06-02 17:57:09,225 [INFO] PluginManage:283 - PluginManage : Loaded plugins [18]
2025-06-02 17:57:09,394 [INFO] PinOutPanel:1589 - setPackage(No Configuration,No Configuration)
2025-06-02 17:57:09,477 [INFO] CADModel:165 - CPN selected for project level
2025-06-02 17:57:09,477 [INFO] CADModel:114 - Register for checkConnection events
2025-06-02 17:57:09,491 [INFO] IPUIPlugin:80 - create IPUIPlugin
2025-06-02 17:57:09,492 [INFO] PluginManager:220 - loadIPPluginJar : add mdma
2025-06-02 17:57:09,500 [INFO] IPUIPlugin:80 - create IPUIPlugin
2025-06-02 17:57:09,500 [INFO] PluginManager:220 - loadIPPluginJar : add freertos
2025-06-02 17:57:09,503 [INFO] IPUIPlugin:80 - create IPUIPlugin
2025-06-02 17:57:09,504 [INFO] PluginManager:220 - loadIPPluginJar : add gic
2025-06-02 17:57:09,510 [INFO] IPUIPlugin:80 - create IPUIPlugin
2025-06-02 17:57:09,510 [INFO] PluginManager:220 - loadIPPluginJar : add adc
2025-06-02 17:57:09,512 [INFO] IPUIPlugin:80 - create IPUIPlugin
2025-06-02 17:57:09,512 [INFO] PluginManager:220 - loadIPPluginJar : add gtzc
2025-06-02 17:57:09,512 [INFO] IPUIPlugin:80 - create IPUIPlugin
2025-06-02 17:57:09,512 [INFO] PluginManager:220 - loadIPPluginJar : add quadspi
2025-06-02 17:57:09,513 [INFO] IPUIPlugin:80 - create IPUIPlugin
2025-06-02 17:57:09,513 [INFO] PluginManager:220 - loadIPPluginJar : add aes
2025-06-02 17:57:09,515 [INFO] IPUIPlugin:80 - create IPUIPlugin
2025-06-02 17:57:09,515 [INFO] PluginManager:220 - loadIPPluginJar : add pdm2pcm
2025-06-02 17:57:09,516 [INFO] IPUIPlugin:80 - create IPUIPlugin
2025-06-02 17:57:09,516 [INFO] PluginManager:220 - loadIPPluginJar : add hash
2025-06-02 17:57:09,517 [INFO] IPUIPlugin:80 - create IPUIPlugin
2025-06-02 17:57:09,517 [INFO] PluginManager:220 - loadIPPluginJar : add tim
2025-06-02 17:57:09,518 [INFO] IPUIPlugin:80 - create IPUIPlugin
2025-06-02 17:57:09,518 [INFO] PluginManager:220 - loadIPPluginJar : add tsc
2025-06-02 17:57:09,521 [INFO] IPUIPlugin:80 - create IPUIPlugin
2025-06-02 17:57:09,522 [INFO] PluginManager:220 - loadIPPluginJar : add extmemmanager
2025-06-02 17:57:09,525 [INFO] IPUIPlugin:80 - create IPUIPlugin
2025-06-02 17:57:09,525 [INFO] PluginManager:220 - loadIPPluginJar : add ts
2025-06-02 17:57:09,527 [INFO] IPUIPlugin:80 - create IPUIPlugin
2025-06-02 17:57:09,528 [INFO] PluginManager:220 - loadIPPluginJar : add radio
2025-06-02 17:57:09,529 [INFO] IPUIPlugin:80 - create IPUIPlugin
2025-06-02 17:57:09,529 [INFO] PluginManager:220 - loadIPPluginJar : add can
2025-06-02 17:57:09,530 [INFO] IPUIPlugin:80 - create IPUIPlugin
2025-06-02 17:57:09,530 [INFO] PluginManager:220 - loadIPPluginJar : add dma3
2025-06-02 17:57:09,531 [INFO] IPUIPlugin:80 - create IPUIPlugin
2025-06-02 17:57:09,531 [INFO] PluginManager:220 - loadIPPluginJar : add dfsdm
2025-06-02 17:57:09,532 [INFO] IPUIPlugin:80 - create IPUIPlugin
2025-06-02 17:57:09,532 [INFO] PluginManager:220 - loadIPPluginJar : add spi
2025-06-02 17:57:09,533 [INFO] IPUIPlugin:80 - create IPUIPlugin
2025-06-02 17:57:09,534 [INFO] PluginManager:220 - loadIPPluginJar : add gfxmmu
2025-06-02 17:57:09,535 [INFO] IPUIPlugin:80 - create IPUIPlugin
2025-06-02 17:57:09,535 [INFO] PluginManager:220 - loadIPPluginJar : add genericplugin
2025-06-02 17:57:09,536 [INFO] IPUIPlugin:80 - create IPUIPlugin
2025-06-02 17:57:09,537 [INFO] PluginManager:220 - loadIPPluginJar : add cryp
2025-06-02 17:57:09,539 [INFO] IPUIPlugin:80 - create IPUIPlugin
2025-06-02 17:57:09,539 [INFO] PluginManager:220 - loadIPPluginJar : add gpio
2025-06-02 17:57:09,541 [INFO] IPUIPlugin:80 - create IPUIPlugin
2025-06-02 17:57:09,542 [INFO] PluginManager:220 - loadIPPluginJar : add ddr_ctrl_phy
2025-06-02 17:57:09,543 [INFO] IPUIPlugin:80 - create IPUIPlugin
2025-06-02 17:57:09,543 [INFO] PluginManager:220 - loadIPPluginJar : add comp
2025-06-02 17:57:09,546 [INFO] IPUIPlugin:80 - create IPUIPlugin
2025-06-02 17:57:09,547 [INFO] PluginManager:220 - loadIPPluginJar : add tracer_emb
2025-06-02 17:57:09,549 [INFO] IPUIPlugin:80 - create IPUIPlugin
2025-06-02 17:57:09,549 [INFO] PluginManager:220 - loadIPPluginJar : add openamp
2025-06-02 17:57:09,553 [INFO] IPUIPlugin:80 - create IPUIPlugin
2025-06-02 17:57:09,553 [INFO] PluginManager:220 - loadIPPluginJar : add stm32_wpan
2025-06-02 17:57:09,557 [INFO] IPUIPlugin:80 - create IPUIPlugin
2025-06-02 17:57:09,560 [INFO] PluginManager:220 - loadIPPluginJar : add plateformsettings
2025-06-02 17:57:09,563 [INFO] IPUIPlugin:80 - create IPUIPlugin
2025-06-02 17:57:09,563 [INFO] PluginManager:220 - loadIPPluginJar : add ipddr
2025-06-02 17:57:09,564 [INFO] IPUIPlugin:80 - create IPUIPlugin
2025-06-02 17:57:09,565 [INFO] PluginManager:220 - loadIPPluginJar : add usart
2025-06-02 17:57:09,565 [INFO] IPUIPlugin:80 - create IPUIPlugin
2025-06-02 17:57:09,565 [INFO] PluginManager:220 - loadIPPluginJar : add ltdc
2025-06-02 17:57:09,567 [INFO] IPUIPlugin:80 - create IPUIPlugin
2025-06-02 17:57:09,567 [INFO] PluginManager:220 - loadIPPluginJar : add nvic
2025-06-02 17:57:09,568 [INFO] IPUIPlugin:80 - create IPUIPlugin
2025-06-02 17:57:09,568 [INFO] PluginManager:220 - loadIPPluginJar : add fatfs
2025-06-02 17:57:09,572 [INFO] IPUIPlugin:80 - create IPUIPlugin
2025-06-02 17:57:09,572 [INFO] PluginManager:220 - loadIPPluginJar : add linkedlist
2025-06-02 17:57:09,575 [INFO] IPUIPlugin:80 - create IPUIPlugin
2025-06-02 17:57:09,575 [INFO] PluginManager:220 - loadIPPluginJar : add dma
2025-06-02 17:57:09,577 [INFO] IPUIPlugin:80 - create IPUIPlugin
2025-06-02 17:57:09,577 [INFO] PluginManager:220 - loadIPPluginJar : add fmc
2025-06-02 17:57:09,578 [INFO] IPUIPlugin:80 - create IPUIPlugin
2025-06-02 17:57:09,578 [INFO] PluginManager:220 - loadIPPluginJar : add i2s
2025-06-02 17:57:09,579 [INFO] IPUIPlugin:80 - create IPUIPlugin
2025-06-02 17:57:09,579 [INFO] PluginManager:220 - loadIPPluginJar : add ucpd
2025-06-02 17:57:09,580 [INFO] IPUIPlugin:80 - create IPUIPlugin
2025-06-02 17:57:09,580 [INFO] PluginManager:220 - loadIPPluginJar : add lorawan
2025-06-02 17:57:09,581 [INFO] IPUIPlugin:80 - create IPUIPlugin
2025-06-02 17:57:09,581 [INFO] PluginManager:220 - loadIPPluginJar : add opamp
2025-06-02 17:57:09,582 [INFO] IPUIPlugin:80 - create IPUIPlugin
2025-06-02 17:57:09,582 [INFO] PluginManager:220 - loadIPPluginJar : add i3c
2025-06-02 17:57:09,583 [INFO] IPUIPlugin:80 - create IPUIPlugin
2025-06-02 17:57:09,584 [INFO] PluginManager:220 - loadIPPluginJar : add touchsensing
2025-06-02 17:57:09,585 [INFO] IPUIPlugin:80 - create IPUIPlugin
2025-06-02 17:57:09,585 [INFO] PluginManager:220 - loadIPPluginJar : add i2c
2025-06-02 17:57:09,587 [INFO] IPUIPlugin:80 - create IPUIPlugin
2025-06-02 17:57:09,587 [INFO] PluginManager:220 - loadIPPluginJar : add resmgrutility
2025-06-02 17:57:09,588 [INFO] IPUIPlugin:80 - create IPUIPlugin
2025-06-02 17:57:09,588 [INFO] PluginManager:220 - loadIPPluginJar : add sai
2025-06-02 17:57:09,590 [INFO] IPUIPlugin:80 - create IPUIPlugin
2025-06-02 17:57:09,590 [INFO] PluginManager:220 - loadIPPluginJar : add usbx
2025-06-02 17:57:09,710 [FATAL] Updater:351 - Updater called before beeing initialized
2025-06-02 17:57:09,759 [INFO] RulesReader:64 - Compatibility file has been processed (302 Rules)
2025-06-02 17:57:09,777 [INFO] RulesReader:64 - Compatibility file has been processed (302 Rules)
2025-06-02 17:57:09,786 [INFO] CADModel:165 - CPN selected for project level
2025-06-02 17:57:09,787 [INFO] CADModel:114 - Register for checkConnection events
2025-06-02 17:57:09,787 [FATAL] Updater:351 - Updater called before beeing initialized
2025-06-02 17:57:09,787 [ERROR] CADModel:125 - Updater not yet initialized, retry later 
2025-06-02 17:57:09,959 [FATAL] Updater:351 - Updater called before beeing initialized
2025-06-02 17:57:09,960 [INFO] CADModel:165 - CPN selected for project level
2025-06-02 17:57:09,960 [INFO] CADModel:114 - Register for checkConnection events
2025-06-02 17:57:09,960 [FATAL] Updater:351 - Updater called before beeing initialized
2025-06-02 17:57:09,960 [ERROR] CADModel:125 - Updater not yet initialized, retry later 
2025-06-02 17:57:09,962 [FATAL] Updater:351 - Updater called before beeing initialized
2025-06-02 17:57:10,065 [FATAL] Updater:351 - Updater called before beeing initialized
2025-06-02 17:57:10,070 [INFO] DbMcusAds:53 - JSON generation date=Wed May 07 14:37:55 IST 2025 (1746608875484)
2025-06-02 17:57:10,071 [FATAL] Updater:351 - Updater called before beeing initialized
2025-06-02 17:57:10,111 [WARN] DetailPanel:346 - Failed to get advertising image, set to default
2025-06-02 17:57:10,260 [FATAL] Updater:351 - Updater called before beeing initialized
2025-06-02 17:57:10,263 [FATAL] Updater:351 - Updater called before beeing initialized
2025-06-02 17:57:10,263 [FATAL] Updater:351 - Updater called before beeing initialized
2025-06-02 17:57:10,263 [WARN] DetailPanel:346 - Failed to get advertising image, set to default
2025-06-02 17:57:10,267 [FATAL] Updater:351 - Updater called before beeing initialized
2025-06-02 17:57:10,319 [ERROR] Updater:1198 - MainUpdater not yet initialized. External WinMGr cannot be set.
2025-06-02 17:57:10,324 [INFO] Updater:1134 - Updater Version found : 6.14.1
2025-06-02 17:57:10,336 [INFO] ApplicationProperties:184 - Using Application install path: /Applications/STM32CubeIDE.app/Contents/Eclipse/plugins/com.st.stm32cube.common.mx_6.14.1.202504091515
2025-06-02 17:57:10,626 [INFO] MainUpdater:2872 - connection check result : 10
2025-06-02 17:57:10,626 [INFO] MainUpdater:289 - Updater Check For Update Now.
2025-06-02 17:57:10,627 [INFO] MicroXplorer:498 - Change Database Version : DB.6.0.141
2025-06-02 17:57:10,633 [INFO] McuFinderGlobals:63 - Set McuFinder mode to 2 (CubeIDE integrated)
2025-06-02 17:57:10,634 [INFO] UserAuth:171 - activating auth plugin
2025-06-02 17:57:10,646 [INFO] UserAuth:484 - Internet connection configuration mode: 1
2025-06-02 17:57:10,660 [INFO] JxBrowserEngine:152 - Initiate JxBrowser Engine with user profile folder
2025-06-02 17:57:10,883 [INFO] CheckServerUpdateThread:120 - End of CheckServer Thread
2025-06-02 17:57:12,214 [WARN] PackLoader:240 - Cannot read IP mode file for STMicroelectronics.FP-SNS-MOTENVWB1.1.4.0
2025-06-02 17:57:12,230 [WARN] PackLoader:240 - Cannot read IP mode file for STMicroelectronics.FP-ATR-ASTRA1.2.0.2
2025-06-02 17:57:12,238 [WARN] PackLoader:240 - Cannot read IP mode file for STMicroelectronics.X-CUBE-SMBUS.2.1.0
2025-06-02 17:57:12,242 [WARN] PackLoader:240 - Cannot read IP mode file for STMicroelectronics.X-CUBE-ST60.1.0.0
2025-06-02 17:57:12,282 [WARN] PackLoader:240 - Cannot read IP mode file for STMicroelectronics.X-CUBE-AZRTOS-F7.1.1.0
2025-06-02 17:57:12,356 [WARN] PackLoader:240 - Cannot read IP mode file for Infineon.AIROC-Wi-Fi-Bluetooth-STM32.1.7.0
2025-06-02 17:57:12,403 [WARN] PackLoader:240 - Cannot read IP mode file for STMicroelectronics.X-CUBE-DISPLAY.3.0.0
2025-06-02 17:57:12,438 [WARN] PackLoader:240 - Cannot read IP mode file for STMicroelectronics.X-CUBE-NFC10.1.0.0
2025-06-02 17:57:12,460 [WARN] PackLoader:240 - Cannot read IP mode file for STMicroelectronics.X-CUBE-BLEMGR.4.0.0
2025-06-02 17:57:12,475 [WARN] PackLoader:240 - Cannot read IP mode file for emotas.I-CUBE-CANOPEN.1.3.0
2025-06-02 17:57:12,482 [WARN] ConditionMgr:438 - getConditionDescription Invalid condition id : Cortex-A Device cause : null
2025-06-02 17:57:12,502 [WARN] ConditionMgr:1044 - genDependencies : Invalid condition id : Cortex-A Device cause : null
2025-06-02 17:57:12,502 [WARN] ConditionMgr:1044 - genDependencies : Invalid condition id : Cortex-A Device cause : null
2025-06-02 17:57:12,502 [WARN] ConditionMgr:1044 - genDependencies : Invalid condition id : Cortex-A Device cause : null
2025-06-02 17:57:12,510 [WARN] PackLoader:240 - Cannot read IP mode file for STMicroelectronics.X-CUBE-AI.10.0.0
2025-06-02 17:57:12,515 [WARN] PackLoader:240 - Cannot read IP mode file for STMicroelectronics.FP-SNS-SMARTAG2.1.2.0
2025-06-02 17:57:12,522 [WARN] PackLoader:240 - Cannot read IP mode file for STMicroelectronics.FP-SNS-FLIGHT1.5.1.0
2025-06-02 17:57:12,530 [INFO] LogOutputStream:77 - [STDOUT_REDIRECT] 1 : Invalid condition id : UX_CORESTACK_Condition cause : null
2025-06-02 17:57:12,531 [INFO] LogOutputStream:77 - [STDOUT_REDIRECT] 1 : Invalid condition id : UX_CORESTACK_Condition cause : null
2025-06-02 17:57:12,531 [INFO] LogOutputStream:77 - [STDOUT_REDIRECT] 1 : Invalid condition id : UX_CORESTACK_Condition cause : null
2025-06-02 17:57:12,532 [INFO] LogOutputStream:77 - [STDOUT_REDIRECT] 1 : Invalid condition id : UX_CORESTACK_Condition cause : null
2025-06-02 17:57:12,533 [INFO] LogOutputStream:77 - [STDOUT_REDIRECT] 1 : Invalid condition id : UX_CORESTACK_Condition cause : null
2025-06-02 17:57:12,538 [WARN] PackLoader:240 - Cannot read IP mode file for STMicroelectronics.X-CUBE-AZRTOS-WL.2.0.0
2025-06-02 17:57:12,546 [WARN] PackLoader:240 - Cannot read IP mode file for STMicroelectronics.FP-SNS-MOTENV1.5.0.0
2025-06-02 17:57:12,557 [WARN] PackLoader:240 - Cannot read IP mode file for WES.I-CUBE-Cesium.1.3.0
2025-06-02 17:57:12,562 [WARN] PackLoader:240 - Cannot read IP mode file for STMicroelectronics.X-CUBE-BLE2.3.3.0
2025-06-02 17:57:12,571 [WARN] PackLoader:240 - Cannot read IP mode file for STMicroelectronics.X-CUBE-NFC9.1.0.0
2025-06-02 17:57:12,581 [WARN] PackLoader:240 - Cannot read IP mode file for STMicroelectronics.X-CUBE-BLE1.7.1.0
2025-06-02 17:57:12,589 [WARN] PackLoader:240 - Cannot read IP mode file for wolfSSL.I-CUBE-wolfMQTT.1.19.2
2025-06-02 17:57:12,591 [WARN] PackLoader:240 - Cannot read IP mode file for STMicroelectronics.X-CUBE-AI.10.1.0
2025-06-02 17:57:12,687 [WARN] PackLoader:240 - Cannot read IP mode file for STMicroelectronics.X-CUBE-MEMS1.11.2.0
2025-06-02 17:57:12,805 [WARN] PackLoader:240 - Cannot read IP mode file for STMicroelectronics.X-CUBE-AZRTOS-G0.1.1.0
2025-06-02 17:57:12,831 [WARN] PackLoader:240 - Cannot read IP mode file for STMicroelectronics.X-CUBE-SAFEA1.1.2.2
2025-06-02 17:57:12,839 [WARN] PackLoader:240 - Cannot read IP mode file for STMicroelectronics.X-CUBE-NFC4.3.0.0
2025-06-02 17:57:12,850 [WARN] PackLoader:240 - Cannot read IP mode file for EmbeddedOffice.I-CUBE-FS-RTOS.1.0.1
2025-06-02 17:57:12,858 [WARN] PackLoader:240 - Cannot read IP mode file for STMicroelectronics.X-CUBE-WB05N.2.0.0
2025-06-02 17:57:12,864 [WARN] PackLoader:240 - Cannot read IP mode file for wolfSSL.I-CUBE-wolfTPM.3.8.0
2025-06-02 17:57:12,870 [WARN] PackLoader:240 - Cannot read IP mode file for STMicroelectronics.X-CUBE-TCPP.4.2.0
2025-06-02 17:57:12,875 [WARN] PackLoader:240 - Cannot read IP mode file for RealThread.X-CUBE-RT-Thread_Nano.4.1.1
2025-06-02 17:57:12,881 [WARN] PackLoader:240 - Cannot read IP mode file for STMicroelectronics.FP-ATR-SIGFOX1.3.2.0
2025-06-02 17:57:12,885 [WARN] PackLoader:240 - Cannot read IP mode file for STMicroelectronics.X-CUBE-EEPRMA1.5.1.0
2025-06-02 17:57:12,890 [WARN] PackLoader:240 - Cannot read IP mode file for wolfSSL.I-CUBE-wolfSSL.5.7.6
2025-06-02 17:57:12,896 [WARN] PackLoader:240 - Cannot read IP mode file for ITTIA_DB.I-CUBE-ITTIADB.8.9.0
2025-06-02 17:57:13,047 [WARN] PackLoader:240 - Cannot read IP mode file for SEGGER.I-CUBE-embOS.1.3.1
2025-06-02 17:57:13,164 [WARN] PackLoader:240 - Cannot read IP mode file for STMicroelectronics.X-CUBE-ALGOBUILD.1.4.0
2025-06-02 17:57:13,195 [WARN] PackLoader:240 - Cannot read IP mode file for STMicroelectronics.X-CUBE-AZRTOS-F4.1.1.0
2025-06-02 17:57:13,206 [WARN] PackLoader:240 - Cannot read IP mode file for Avnet-IotConnect.X-CUBE-IoTC-DA16k-PMOD.1.0.0
2025-06-02 17:57:13,228 [WARN] PackLoader:240 - Cannot read IP mode file for STMicroelectronics.X-CUBE-ISPU.2.1.0
2025-06-02 17:57:13,248 [WARN] PackLoader:240 - Cannot read IP mode file for STMicroelectronics.X-CUBE-AZRTOS-L5.2.0.0
2025-06-02 17:57:13,264 [WARN] PackLoader:240 - Cannot read IP mode file for STMicroelectronics.X-CUBE-NFC6.3.1.0
2025-06-02 17:57:13,271 [WARN] PackLoader:240 - Cannot read IP mode file for STMicroelectronics.X-CUBE-FREERTOS.1.3.1
2025-06-02 17:57:13,276 [WARN] PackLoader:240 - Cannot read IP mode file for STMicroelectronics.X-CUBE-FREERTOS.1.3.0
2025-06-02 17:57:13,280 [WARN] PackLoader:240 - Cannot read IP mode file for STMicroelectronics.X-CUBE-NFC7.1.0.1
2025-06-02 17:57:13,288 [WARN] PackLoader:240 - Cannot read IP mode file for STMicroelectronics.X-CUBE-DPower.1.3.0
2025-06-02 17:57:13,307 [WARN] ConditionMgr:438 - getConditionDescription Invalid condition id : LAN8742 Phy interface Condition cause : null
2025-06-02 17:57:13,309 [WARN] PackLoader:240 - Cannot read IP mode file for STMicroelectronics.X-CUBE-AZRTOS-L4.2.0.0
2025-06-02 17:57:13,313 [WARN] ConditionMgr:1044 - genDependencies : Invalid condition id : LAN8742 Phy interface Condition cause : null
2025-06-02 17:57:13,314 [WARN] ConditionMgr:1044 - genDependencies : Invalid condition id : LAN8742 Phy interface Condition cause : null
2025-06-02 17:57:13,316 [WARN] ConditionMgr:1044 - genDependencies : Invalid condition id : LAN8742 Phy interface Condition cause : null
2025-06-02 17:57:13,332 [WARN] PackLoader:240 - Cannot read IP mode file for STMicroelectronics.X-CUBE-SFXS2LP1.4.0.0
2025-06-02 17:57:13,354 [WARN] PackLoader:240 - Cannot read IP mode file for STMicroelectronics.X-CUBE-AZRTOS-H7.3.3.0
2025-06-02 17:57:13,370 [WARN] ConditionMgr:438 - getConditionDescription Invalid condition id : UX DEVICE CLASS RTOS Condition cause : null
2025-06-02 17:57:13,371 [WARN] ConditionMgr:438 - getConditionDescription Invalid condition id : UX DEVICE CLASS RTOS Condition cause : null
2025-06-02 17:57:13,374 [WARN] PackLoader:240 - Cannot read IP mode file for STMicroelectronics.X-CUBE-AZRTOS-WB.2.0.0
2025-06-02 17:57:13,375 [WARN] ConditionMgr:1044 - genDependencies : Invalid condition id : UX DEVICE CLASS RTOS Condition cause : null
2025-06-02 17:57:13,375 [WARN] ConditionMgr:1044 - genDependencies : Invalid condition id : UX DEVICE CLASS RTOS Condition cause : null
2025-06-02 17:57:13,375 [WARN] ConditionMgr:1044 - genDependencies : Invalid condition id : UX DEVICE CLASS RTOS Condition cause : null
2025-06-02 17:57:13,376 [WARN] ConditionMgr:1044 - genDependencies : Invalid condition id : UX DEVICE CLASS RTOS Condition cause : null
2025-06-02 17:57:13,376 [WARN] ConditionMgr:1044 - genDependencies : Invalid condition id : UX DEVICE CLASS RTOS Condition cause : null
2025-06-02 17:57:13,387 [WARN] PackLoader:240 - Cannot read IP mode file for STMicroelectronics.X-CUBE-GNSS1.7.0.1
2025-06-02 17:57:13,417 [WARN] PackLoader:240 - Cannot read IP mode file for STMicroelectronics.X-CUBE-TOUCHGFX.4.25.0
2025-06-02 17:57:13,428 [WARN] PackLoader:240 - Cannot read IP mode file for STMicroelectronics.FP-SNS-STBOX1.2.0.0
2025-06-02 17:57:13,444 [WARN] PackLoader:240 - Cannot read IP mode file for STMicroelectronics.X-CUBE-SUBG2.5.0.0
2025-06-02 17:57:13,475 [WARN] PackLoader:240 - Cannot read IP mode file for STMicroelectronics.X-CUBE-AZRTOS-H7RS.1.1.0
2025-06-02 17:57:13,489 [WARN] PackLoader:240 - Cannot read IP mode file for Cesanta.I-CUBE-Mongoose.7.13.0
2025-06-02 17:57:13,544 [WARN] PackLoader:240 - Cannot read IP mode file for STMicroelectronics.X-CUBE-AZRTOS-G4.2.0.0
2025-06-02 17:57:13,567 [WARN] PackLoader:240 - Cannot read IP mode file for wolfSSL.I-CUBE-wolfSSH.1.4.20
2025-06-02 17:57:13,581 [WARN] PackLoader:240 - Cannot read IP mode file for STMicroelectronics.X-CUBE-NFC7.2.0.0
2025-06-02 17:57:13,598 [WARN] PackLoader:240 - Cannot read IP mode file for STMicroelectronics.X-CUBE-IPS.3.1.0
2025-06-02 17:57:13,618 [WARN] PackLoader:240 - Cannot read IP mode file for STMicroelectronics.X-CUBE-ALS.1.0.2
2025-06-02 17:57:13,628 [WARN] PackLoader:240 - Cannot read IP mode file for portGmbH.I-Cube-SoM-uGOAL.1.1.0
2025-06-02 17:57:13,642 [WARN] PackLoader:240 - Cannot read IP mode file for STMicroelectronics.X-CUBE-TOF1.3.4.3
2025-06-02 17:57:13,656 [INFO] ThirdParty:978 - Integrity check success = true
2025-06-02 17:57:13,656 [INFO] IntegrityCheckThread:100 - exiting critical section [integrity check]
2025-06-02 17:57:13,656 [INFO] IntegrityCheckThread:103 - End integrity checks thread
2025-06-02 17:57:14,551 [INFO] WebApp:169 - Instantiating new browser for Auth
2025-06-02 17:57:15,505 [INFO] WebApp:463 - Apply proxy settings
2025-06-02 17:57:15,512 [INFO] WebApp:508 - Chromium authenticates against Manually configured proxy
2025-06-02 17:57:15,528 [INFO] WebApp:516 - Username used for proxy authentication: 
2025-06-02 17:57:15,562 [INFO] WebApp:894 - Register for checkConnection events
2025-06-02 17:57:15,563 [INFO] WebApp:463 - Apply proxy settings
2025-06-02 17:57:15,565 [INFO] WebApp:508 - Chromium authenticates against Manually configured proxy
2025-06-02 17:57:15,565 [INFO] WebApp:516 - Username used for proxy authentication: 
2025-06-02 17:57:15,684 [INFO] WebApp:225 - Starting web application
2025-06-02 17:57:15,684 [INFO] WebApp:593 - Web application path used /Applications/STM32CubeIDE.app/Contents/Eclipse/plugins/com.st.stm32cube.common.mx_6.14.1.202504091515/db/plugins/mcufinder/reactClient1/index.html
2025-06-02 17:57:16,230 [INFO] WebApp:191 - Connection restablished
2025-06-02 22:00:42,038 [ERROR] LogOutputStream:75 - [STDERR_REDIRECT] 
